{"name":"Login to Grafana","status":"failed","statusDetails":{"known":false,"muted":false,"flaky":false,"message":"expected [Hom Dashboard] but found [Home Dashboard]","trace":"java.lang.AssertionError: expected [Hom Dashboard] but found [Home Dashboard]\r\n\tat org.testng.Assert.fail(Assert.java:97)\r\n\tat org.testng.Assert.assertEqualsImpl(Assert.java:136)\r\n\tat org.testng.Assert.assertEquals(Assert.java:118)\r\n\tat org.testng.Assert.assertEquals(Assert.java:575)\r\n\tat org.testng.Assert.assertEquals(Assert.java:585)\r\n\tat Extensions.Verifications.assertTextInElement(Verifications.java:18)\r\n\tat SanityTests.GrafanaTest.loginTest(GrafanaTest.java:18)\r\n\tat sun.reflect.NativeMethodAccessorImpl.invoke0(Native Method)\r\n\tat sun.reflect.NativeMethodAccessorImpl.invoke(NativeMethodAccessorImpl.java:62)\r\n\tat sun.reflect.DelegatingMethodAccessorImpl.invoke(DelegatingMethodAccessorImpl.java:43)\r\n\tat java.lang.reflect.Method.invoke(Method.java:498)\r\n\tat org.testng.internal.MethodInvocationHelper.invokeMethod(MethodInvocationHelper.java:133)\r\n\tat org.testng.internal.TestInvoker.invokeMethod(TestInvoker.java:584)\r\n\tat org.testng.internal.TestInvoker.invokeTestMethod(TestInvoker.java:172)\r\n\tat org.testng.internal.MethodRunner.runInSequence(MethodRunner.java:46)\r\n\tat org.testng.internal.TestInvoker$MethodInvocationAgent.invoke(TestInvoker.java:804)\r\n\tat org.testng.internal.TestInvoker.invokeTestMethods(TestInvoker.java:145)\r\n\tat org.testng.internal.TestMethodWorker.invokeTestMethods(TestMethodWorker.java:146)\r\n\tat org.testng.internal.TestMethodWorker.run(TestMethodWorker.java:128)\r\n\tat java.util.ArrayList.forEach(ArrayList.java:1257)\r\n\tat org.testng.TestRunner.privateRun(TestRunner.java:770)\r\n\tat org.testng.TestRunner.run(TestRunner.java:591)\r\n\tat org.testng.SuiteRunner.runTest(SuiteRunner.java:402)\r\n\tat org.testng.SuiteRunner.runSequentially(SuiteRunner.java:396)\r\n\tat org.testng.SuiteRunner.privateRun(SuiteRunner.java:355)\r\n\tat org.testng.SuiteRunner.run(SuiteRunner.java:304)\r\n\tat org.testng.SuiteRunnerWorker.runSuite(SuiteRunnerWorker.java:53)\r\n\tat org.testng.SuiteRunnerWorker.run(SuiteRunnerWorker.java:96)\r\n\tat org.testng.TestNG.runSuitesSequentially(TestNG.java:1180)\r\n\tat org.testng.TestNG.runSuitesLocally(TestNG.java:1102)\r\n\tat org.testng.TestNG.runSuites(TestNG.java:1032)\r\n\tat org.testng.TestNG.run(TestNG.java:1000)\r\n\tat com.intellij.rt.testng.IDEARemoteTestNG.run(IDEARemoteTestNG.java:66)\r\n\tat com.intellij.rt.testng.RemoteTestNGStarter.main(RemoteTestNGStarter.java:110)\r\n"},"stage":"finished","description":"Test description : Login to Grafana Web Application","steps":[{"name":"Login Grafana flow","status":"passed","stage":"finished","steps":[{"name":"Send text to text field","status":"passed","stage":"finished","steps":[],"attachments":[],"parameters":[{"name":"element","value":"[[ChromeDriver: chrome on WINDOWS (17a574a21337978ec6ed0302b1291269)] -> name: user]"},{"name":"text","value":"admin"}],"start":1580897123804,"stop":1580897124407},{"name":"Send text to text field","status":"passed","stage":"finished","steps":[],"attachments":[],"parameters":[{"name":"element","value":"[[ChromeDriver: chrome on WINDOWS (17a574a21337978ec6ed0302b1291269)] -> name: password]"},{"name":"text","value":"admin"}],"start":1580897124428,"stop":1580897124621},{"name":"Click on element","status":"passed","stage":"finished","steps":[],"attachments":[],"parameters":[{"name":"element","value":"[[ChromeDriver: chrome on WINDOWS (17a574a21337978ec6ed0302b1291269)] -> css selector: button[type='submit']]"}],"start":1580897124639,"stop":1580897124783},{"name":"Click on element","status":"passed","stage":"finished","steps":[],"attachments":[],"parameters":[{"name":"element","value":"[[ChromeDriver: chrome on WINDOWS (17a574a21337978ec6ed0302b1291269)] -> css selector: a[class='btn btn-link']]"}],"start":1580897124927,"stop":1580897126279}],"attachments":[],"parameters":[{"name":"user","value":"admin"},{"name":"pass","value":"admin"}],"start":1580897123694,"stop":1580897126279},{"name":"Verify text in element","status":"failed","statusDetails":{"known":false,"muted":false,"flaky":false,"message":"expected [Hom Dashboard] but found [Home Dashboard]","trace":"java.lang.AssertionError: expected [Hom Dashboard] but found [Home Dashboard]\r\n\tat org.testng.Assert.fail(Assert.java:97)\r\n\tat org.testng.Assert.assertEqualsImpl(Assert.java:136)\r\n\tat org.testng.Assert.assertEquals(Assert.java:118)\r\n\tat org.testng.Assert.assertEquals(Assert.java:575)\r\n\tat org.testng.Assert.assertEquals(Assert.java:585)\r\n\tat Extensions.Verifications.assertTextInElement(Verifications.java:18)\r\n\tat SanityTests.GrafanaTest.loginTest(GrafanaTest.java:18)\r\n\tat sun.reflect.NativeMethodAccessorImpl.invoke0(Native Method)\r\n\tat sun.reflect.NativeMethodAccessorImpl.invoke(NativeMethodAccessorImpl.java:62)\r\n\tat sun.reflect.DelegatingMethodAccessorImpl.invoke(DelegatingMethodAccessorImpl.java:43)\r\n\tat java.lang.reflect.Method.invoke(Method.java:498)\r\n\tat org.testng.internal.MethodInvocationHelper.invokeMethod(MethodInvocationHelper.java:133)\r\n\tat org.testng.internal.TestInvoker.invokeMethod(TestInvoker.java:584)\r\n\tat org.testng.internal.TestInvoker.invokeTestMethod(TestInvoker.java:172)\r\n\tat org.testng.internal.MethodRunner.runInSequence(MethodRunner.java:46)\r\n\tat org.testng.internal.TestInvoker$MethodInvocationAgent.invoke(TestInvoker.java:804)\r\n\tat org.testng.internal.TestInvoker.invokeTestMethods(TestInvoker.java:145)\r\n\tat org.testng.internal.TestMethodWorker.invokeTestMethods(TestMethodWorker.java:146)\r\n\tat org.testng.internal.TestMethodWorker.run(TestMethodWorker.java:128)\r\n\tat java.util.ArrayList.forEach(ArrayList.java:1257)\r\n\tat org.testng.TestRunner.privateRun(TestRunner.java:770)\r\n\tat org.testng.TestRunner.run(TestRunner.java:591)\r\n\tat org.testng.SuiteRunner.runTest(SuiteRunner.java:402)\r\n\tat org.testng.SuiteRunner.runSequentially(SuiteRunner.java:396)\r\n\tat org.testng.SuiteRunner.privateRun(SuiteRunner.java:355)\r\n\tat org.testng.SuiteRunner.run(SuiteRunner.java:304)\r\n\tat org.testng.SuiteRunnerWorker.runSuite(SuiteRunnerWorker.java:53)\r\n\tat org.testng.SuiteRunnerWorker.run(SuiteRunnerWorker.java:96)\r\n\tat org.testng.TestNG.runSuitesSequentially(TestNG.java:1180)\r\n\tat org.testng.TestNG.runSuitesLocally(TestNG.java:1102)\r\n\tat org.testng.TestNG.runSuites(TestNG.java:1032)\r\n\tat org.testng.TestNG.run(TestNG.java:1000)\r\n\tat com.intellij.rt.testng.IDEARemoteTestNG.run(IDEARemoteTestNG.java:66)\r\n\tat com.intellij.rt.testng.RemoteTestNGStarter.main(RemoteTestNGStarter.java:110)\r\n"},"stage":"finished","steps":[],"attachments":[],"parameters":[{"name":"element","value":"[[ChromeDriver: chrome on WINDOWS (17a574a21337978ec6ed0302b1291269)] -> xpath: //div[@class='text-center dashboard-header']/span]"},{"name":"expValue","value":"Hom Dashboard"}],"start":1580897127286,"stop":1580897127400}],"attachments":[{"name":"Page screen shot","source":"673995f3-98c3-4363-9175-9f23b06c5b52-attachment","type":"image/png"}],"parameters":[],"start":1580897123264,"stop":1580897127866,"uuid":"73a86e12-407a-416a-a66f-546cea0226ba","historyId":"267bea09bfc7e0d5c59ed455c8971dc9","fullName":"SanityTests.GrafanaTest.loginTest","labels":[{"name":"package","value":"SanityTests.GrafanaTest"},{"name":"testClass","value":"SanityTests.GrafanaTest"},{"name":"testMethod","value":"loginTest"},{"name":"parentSuite","value":"Default Suite"},{"name":"suite","value":"Full_Java_Automation_2020"},{"name":"subSuite","value":"SanityTests.GrafanaTest"},{"name":"host","value":"DESKTOP-ANDM9M7"},{"name":"thread","value":"7324@DESKTOP-ANDM9M7.main(1)"},{"name":"framework","value":"testng"},{"name":"language","value":"java"}],"links":[]}