{"name":"Verify Calculating mortgage","status":"broken","statusDetails":{"known":false,"muted":false,"flaky":false,"message":"java.lang.IllegalArgumentException: Unable to compile '//*[@id='com.shivgadhia.android.ukMortgageCalc:id/etAmount')]'. See Cause.\nFor documentation on this error, please visit: https://www.seleniumhq.org/exceptions/invalid_selector_exception.html\nBuild info: version: '3.141.59', revision: 'e82be7d358', time: '2018-11-14T08:17:03'\nSystem info: host: 'DESKTOP-ANDM9M7', ip: '172.20.10.7', os.name: 'Windows 10', os.arch: 'amd64', os.version: '10.0', java.version: '1.8.0_231'\nDriver info: org.openqa.selenium.remote.RemoteWebDriver\nCapabilities {appActivity: .MainActivity, appPackage: com.shivgadhia.android.ukMo..., databaseEnabled: false, desired: {appActivity: .MainActivity, appPackage: com.shivgadhia.android.ukMo..., deviceName: Meizu device, platformName: android, platformVersion: 5.0.2, udid: 81HBBMA22EDM}, deviceApiLevel: 22, deviceManufacturer: Meizu, deviceModel: m2 note, deviceName: 81HBBMA22EDM, deviceScreenDensity: 480, deviceScreenSize: 1080x1920, deviceUDID: 81HBBMA22EDM, javascriptEnabled: true, locationContextEnabled: false, networkConnectionEnabled: true, pixelRatio: 3, platform: LINUX, platformName: LINUX, platformVersion: 5.1, statBarHeight: 66, takesScreenshot: true, udid: 81HBBMA22EDM, viewportRect: {height: 1854, left: 0, top: 66, width: 1080}, warnings: {}, webStorageEnabled: false}\nSession ID: 9e41bcae-e716-4c68-bab1-df385aa202ef\n*** Element info: {Using=xpath, value=//*[@id='com.shivgadhia.android.ukMortgageCalc:id/etAmount')]}","trace":"org.openqa.selenium.InvalidSelectorException: java.lang.IllegalArgumentException: Unable to compile '//*[@id='com.shivgadhia.android.ukMortgageCalc:id/etAmount')]'. See Cause.\nFor documentation on this error, please visit: https://www.seleniumhq.org/exceptions/invalid_selector_exception.html\nBuild info: version: '3.141.59', revision: 'e82be7d358', time: '2018-11-14T08:17:03'\nSystem info: host: 'DESKTOP-ANDM9M7', ip: '172.20.10.7', os.name: 'Windows 10', os.arch: 'amd64', os.version: '10.0', java.version: '1.8.0_231'\nDriver info: org.openqa.selenium.remote.RemoteWebDriver\nCapabilities {appActivity: .MainActivity, appPackage: com.shivgadhia.android.ukMo..., databaseEnabled: false, desired: {appActivity: .MainActivity, appPackage: com.shivgadhia.android.ukMo..., deviceName: Meizu device, platformName: android, platformVersion: 5.0.2, udid: 81HBBMA22EDM}, deviceApiLevel: 22, deviceManufacturer: Meizu, deviceModel: m2 note, deviceName: 81HBBMA22EDM, deviceScreenDensity: 480, deviceScreenSize: 1080x1920, deviceUDID: 81HBBMA22EDM, javascriptEnabled: true, locationContextEnabled: false, networkConnectionEnabled: true, pixelRatio: 3, platform: LINUX, platformName: LINUX, platformVersion: 5.1, statBarHeight: 66, takesScreenshot: true, udid: 81HBBMA22EDM, viewportRect: {height: 1854, left: 0, top: 66, width: 1080}, warnings: {}, webStorageEnabled: false}\nSession ID: 9e41bcae-e716-4c68-bab1-df385aa202ef\n*** Element info: {Using=xpath, value=//*[@id='com.shivgadhia.android.ukMortgageCalc:id/etAmount')]}\r\n\tat sun.reflect.NativeConstructorAccessorImpl.newInstance0(Native Method)\r\n\tat sun.reflect.NativeConstructorAccessorImpl.newInstance(NativeConstructorAccessorImpl.java:62)\r\n\tat sun.reflect.DelegatingConstructorAccessorImpl.newInstance(DelegatingConstructorAccessorImpl.java:45)\r\n\tat java.lang.reflect.Constructor.newInstance(Constructor.java:423)\r\n\tat org.openqa.selenium.remote.http.W3CHttpResponseCodec.createException(W3CHttpResponseCodec.java:187)\r\n\tat org.openqa.selenium.remote.http.W3CHttpResponseCodec.decode(W3CHttpResponseCodec.java:122)\r\n\tat org.openqa.selenium.remote.http.W3CHttpResponseCodec.decode(W3CHttpResponseCodec.java:49)\r\n\tat org.openqa.selenium.remote.HttpCommandExecutor.execute(HttpCommandExecutor.java:158)\r\n\tat org.openqa.selenium.remote.RemoteWebDriver.execute(RemoteWebDriver.java:552)\r\n\tat org.openqa.selenium.remote.RemoteWebDriver.findElement(RemoteWebDriver.java:323)\r\n\tat org.openqa.selenium.remote.RemoteWebDriver.findElementByXPath(RemoteWebDriver.java:428)\r\n\tat org.openqa.selenium.By$ByXPath.findElement(By.java:353)\r\n\tat org.openqa.selenium.remote.RemoteWebDriver.findElement(RemoteWebDriver.java:315)\r\n\tat org.openqa.selenium.support.pagefactory.DefaultElementLocator.findElement(DefaultElementLocator.java:69)\r\n\tat org.openqa.selenium.support.pagefactory.internal.LocatingElementHandler.invoke(LocatingElementHandler.java:38)\r\n\tat com.sun.proxy.$Proxy10.sendKeys(Unknown Source)\r\n\tat Extensions.UIActions.updateText(UIActions.java:25)\r\n\tat WorkFlows.MobileFlow.calculateMortgage(MobileFlow.java:11)\r\n\tat SanityTests.MortgageAppTests.mortgageCalculating(MortgageAppTests.java:16)\r\n\tat sun.reflect.NativeMethodAccessorImpl.invoke0(Native Method)\r\n\tat sun.reflect.NativeMethodAccessorImpl.invoke(NativeMethodAccessorImpl.java:62)\r\n\tat sun.reflect.DelegatingMethodAccessorImpl.invoke(DelegatingMethodAccessorImpl.java:43)\r\n\tat java.lang.reflect.Method.invoke(Method.java:498)\r\n\tat org.testng.internal.MethodInvocationHelper.invokeMethod(MethodInvocationHelper.java:133)\r\n\tat org.testng.internal.TestInvoker.invokeMethod(TestInvoker.java:584)\r\n\tat org.testng.internal.TestInvoker.invokeTestMethod(TestInvoker.java:172)\r\n\tat org.testng.internal.MethodRunner.runInSequence(MethodRunner.java:46)\r\n\tat org.testng.internal.TestInvoker$MethodInvocationAgent.invoke(TestInvoker.java:804)\r\n\tat org.testng.internal.TestInvoker.invokeTestMethods(TestInvoker.java:145)\r\n\tat org.testng.internal.TestMethodWorker.invokeTestMethods(TestMethodWorker.java:146)\r\n\tat org.testng.internal.TestMethodWorker.run(TestMethodWorker.java:128)\r\n\tat java.util.ArrayList.forEach(ArrayList.java:1257)\r\n\tat org.testng.TestRunner.privateRun(TestRunner.java:770)\r\n\tat org.testng.TestRunner.run(TestRunner.java:591)\r\n\tat org.testng.SuiteRunner.runTest(SuiteRunner.java:402)\r\n\tat org.testng.SuiteRunner.runSequentially(SuiteRunner.java:396)\r\n\tat org.testng.SuiteRunner.privateRun(SuiteRunner.java:355)\r\n\tat org.testng.SuiteRunner.run(SuiteRunner.java:304)\r\n\tat org.testng.SuiteRunnerWorker.runSuite(SuiteRunnerWorker.java:53)\r\n\tat org.testng.SuiteRunnerWorker.run(SuiteRunnerWorker.java:96)\r\n\tat org.testng.TestNG.runSuitesSequentially(TestNG.java:1180)\r\n\tat org.testng.TestNG.runSuitesLocally(TestNG.java:1102)\r\n\tat org.testng.TestNG.runSuites(TestNG.java:1032)\r\n\tat org.testng.TestNG.run(TestNG.java:1000)\r\n\tat com.intellij.rt.testng.IDEARemoteTestNG.run(IDEARemoteTestNG.java:66)\r\n\tat com.intellij.rt.testng.RemoteTestNGStarter.main(RemoteTestNGStarter.java:110)\r\n"},"stage":"finished","description":"Test description : Adding values to required field at main activity","steps":[{"name":"Fill form and calculate mortgage","status":"broken","statusDetails":{"known":false,"muted":false,"flaky":false,"message":"java.lang.IllegalArgumentException: Unable to compile '//*[@id='com.shivgadhia.android.ukMortgageCalc:id/etAmount')]'. See Cause.\nFor documentation on this error, please visit: https://www.seleniumhq.org/exceptions/invalid_selector_exception.html\nBuild info: version: '3.141.59', revision: 'e82be7d358', time: '2018-11-14T08:17:03'\nSystem info: host: 'DESKTOP-ANDM9M7', ip: '172.20.10.7', os.name: 'Windows 10', os.arch: 'amd64', os.version: '10.0', java.version: '1.8.0_231'\nDriver info: org.openqa.selenium.remote.RemoteWebDriver\nCapabilities {appActivity: .MainActivity, appPackage: com.shivgadhia.android.ukMo..., databaseEnabled: false, desired: {appActivity: .MainActivity, appPackage: com.shivgadhia.android.ukMo..., deviceName: Meizu device, platformName: android, platformVersion: 5.0.2, udid: 81HBBMA22EDM}, deviceApiLevel: 22, deviceManufacturer: Meizu, deviceModel: m2 note, deviceName: 81HBBMA22EDM, deviceScreenDensity: 480, deviceScreenSize: 1080x1920, deviceUDID: 81HBBMA22EDM, javascriptEnabled: true, locationContextEnabled: false, networkConnectionEnabled: true, pixelRatio: 3, platform: LINUX, platformName: LINUX, platformVersion: 5.1, statBarHeight: 66, takesScreenshot: true, udid: 81HBBMA22EDM, viewportRect: {height: 1854, left: 0, top: 66, width: 1080}, warnings: {}, webStorageEnabled: false}\nSession ID: 9e41bcae-e716-4c68-bab1-df385aa202ef\n*** Element info: {Using=xpath, value=//*[@id='com.shivgadhia.android.ukMortgageCalc:id/etAmount')]}","trace":"org.openqa.selenium.InvalidSelectorException: java.lang.IllegalArgumentException: Unable to compile '//*[@id='com.shivgadhia.android.ukMortgageCalc:id/etAmount')]'. See Cause.\nFor documentation on this error, please visit: https://www.seleniumhq.org/exceptions/invalid_selector_exception.html\nBuild info: version: '3.141.59', revision: 'e82be7d358', time: '2018-11-14T08:17:03'\nSystem info: host: 'DESKTOP-ANDM9M7', ip: '172.20.10.7', os.name: 'Windows 10', os.arch: 'amd64', os.version: '10.0', java.version: '1.8.0_231'\nDriver info: org.openqa.selenium.remote.RemoteWebDriver\nCapabilities {appActivity: .MainActivity, appPackage: com.shivgadhia.android.ukMo..., databaseEnabled: false, desired: {appActivity: .MainActivity, appPackage: com.shivgadhia.android.ukMo..., deviceName: Meizu device, platformName: android, platformVersion: 5.0.2, udid: 81HBBMA22EDM}, deviceApiLevel: 22, deviceManufacturer: Meizu, deviceModel: m2 note, deviceName: 81HBBMA22EDM, deviceScreenDensity: 480, deviceScreenSize: 1080x1920, deviceUDID: 81HBBMA22EDM, javascriptEnabled: true, locationContextEnabled: false, networkConnectionEnabled: true, pixelRatio: 3, platform: LINUX, platformName: LINUX, platformVersion: 5.1, statBarHeight: 66, takesScreenshot: true, udid: 81HBBMA22EDM, viewportRect: {height: 1854, left: 0, top: 66, width: 1080}, warnings: {}, webStorageEnabled: false}\nSession ID: 9e41bcae-e716-4c68-bab1-df385aa202ef\n*** Element info: {Using=xpath, value=//*[@id='com.shivgadhia.android.ukMortgageCalc:id/etAmount')]}\r\n\tat sun.reflect.NativeConstructorAccessorImpl.newInstance0(Native Method)\r\n\tat sun.reflect.NativeConstructorAccessorImpl.newInstance(NativeConstructorAccessorImpl.java:62)\r\n\tat sun.reflect.DelegatingConstructorAccessorImpl.newInstance(DelegatingConstructorAccessorImpl.java:45)\r\n\tat java.lang.reflect.Constructor.newInstance(Constructor.java:423)\r\n\tat org.openqa.selenium.remote.http.W3CHttpResponseCodec.createException(W3CHttpResponseCodec.java:187)\r\n\tat org.openqa.selenium.remote.http.W3CHttpResponseCodec.decode(W3CHttpResponseCodec.java:122)\r\n\tat org.openqa.selenium.remote.http.W3CHttpResponseCodec.decode(W3CHttpResponseCodec.java:49)\r\n\tat org.openqa.selenium.remote.HttpCommandExecutor.execute(HttpCommandExecutor.java:158)\r\n\tat org.openqa.selenium.remote.RemoteWebDriver.execute(RemoteWebDriver.java:552)\r\n\tat org.openqa.selenium.remote.RemoteWebDriver.findElement(RemoteWebDriver.java:323)\r\n\tat org.openqa.selenium.remote.RemoteWebDriver.findElementByXPath(RemoteWebDriver.java:428)\r\n\tat org.openqa.selenium.By$ByXPath.findElement(By.java:353)\r\n\tat org.openqa.selenium.remote.RemoteWebDriver.findElement(RemoteWebDriver.java:315)\r\n\tat org.openqa.selenium.support.pagefactory.DefaultElementLocator.findElement(DefaultElementLocator.java:69)\r\n\tat org.openqa.selenium.support.pagefactory.internal.LocatingElementHandler.invoke(LocatingElementHandler.java:38)\r\n\tat com.sun.proxy.$Proxy10.sendKeys(Unknown Source)\r\n\tat Extensions.UIActions.updateText(UIActions.java:25)\r\n\tat WorkFlows.MobileFlow.calculateMortgage(MobileFlow.java:11)\r\n\tat SanityTests.MortgageAppTests.mortgageCalculating(MortgageAppTests.java:16)\r\n\tat sun.reflect.NativeMethodAccessorImpl.invoke0(Native Method)\r\n\tat sun.reflect.NativeMethodAccessorImpl.invoke(NativeMethodAccessorImpl.java:62)\r\n\tat sun.reflect.DelegatingMethodAccessorImpl.invoke(DelegatingMethodAccessorImpl.java:43)\r\n\tat java.lang.reflect.Method.invoke(Method.java:498)\r\n\tat org.testng.internal.MethodInvocationHelper.invokeMethod(MethodInvocationHelper.java:133)\r\n\tat org.testng.internal.TestInvoker.invokeMethod(TestInvoker.java:584)\r\n\tat org.testng.internal.TestInvoker.invokeTestMethod(TestInvoker.java:172)\r\n\tat org.testng.internal.MethodRunner.runInSequence(MethodRunner.java:46)\r\n\tat org.testng.internal.TestInvoker$MethodInvocationAgent.invoke(TestInvoker.java:804)\r\n\tat org.testng.internal.TestInvoker.invokeTestMethods(TestInvoker.java:145)\r\n\tat org.testng.internal.TestMethodWorker.invokeTestMethods(TestMethodWorker.java:146)\r\n\tat org.testng.internal.TestMethodWorker.run(TestMethodWorker.java:128)\r\n\tat java.util.ArrayList.forEach(ArrayList.java:1257)\r\n\tat org.testng.TestRunner.privateRun(TestRunner.java:770)\r\n\tat org.testng.TestRunner.run(TestRunner.java:591)\r\n\tat org.testng.SuiteRunner.runTest(SuiteRunner.java:402)\r\n\tat org.testng.SuiteRunner.runSequentially(SuiteRunner.java:396)\r\n\tat org.testng.SuiteRunner.privateRun(SuiteRunner.java:355)\r\n\tat org.testng.SuiteRunner.run(SuiteRunner.java:304)\r\n\tat org.testng.SuiteRunnerWorker.runSuite(SuiteRunnerWorker.java:53)\r\n\tat org.testng.SuiteRunnerWorker.run(SuiteRunnerWorker.java:96)\r\n\tat org.testng.TestNG.runSuitesSequentially(TestNG.java:1180)\r\n\tat org.testng.TestNG.runSuitesLocally(TestNG.java:1102)\r\n\tat org.testng.TestNG.runSuites(TestNG.java:1032)\r\n\tat org.testng.TestNG.run(TestNG.java:1000)\r\n\tat com.intellij.rt.testng.IDEARemoteTestNG.run(IDEARemoteTestNG.java:66)\r\n\tat com.intellij.rt.testng.RemoteTestNGStarter.main(RemoteTestNGStarter.java:110)\r\n"},"stage":"finished","steps":[{"name":"Send text to text field","status":"broken","statusDetails":{"known":false,"muted":false,"flaky":false,"message":"java.lang.IllegalArgumentException: Unable to compile '//*[@id='com.shivgadhia.android.ukMortgageCalc:id/etAmount')]'. See Cause.\nFor documentation on this error, please visit: https://www.seleniumhq.org/exceptions/invalid_selector_exception.html\nBuild info: version: '3.141.59', revision: 'e82be7d358', time: '2018-11-14T08:17:03'\nSystem info: host: 'DESKTOP-ANDM9M7', ip: '172.20.10.7', os.name: 'Windows 10', os.arch: 'amd64', os.version: '10.0', java.version: '1.8.0_231'\nDriver info: org.openqa.selenium.remote.RemoteWebDriver\nCapabilities {appActivity: .MainActivity, appPackage: com.shivgadhia.android.ukMo..., databaseEnabled: false, desired: {appActivity: .MainActivity, appPackage: com.shivgadhia.android.ukMo..., deviceName: Meizu device, platformName: android, platformVersion: 5.0.2, udid: 81HBBMA22EDM}, deviceApiLevel: 22, deviceManufacturer: Meizu, deviceModel: m2 note, deviceName: 81HBBMA22EDM, deviceScreenDensity: 480, deviceScreenSize: 1080x1920, deviceUDID: 81HBBMA22EDM, javascriptEnabled: true, locationContextEnabled: false, networkConnectionEnabled: true, pixelRatio: 3, platform: LINUX, platformName: LINUX, platformVersion: 5.1, statBarHeight: 66, takesScreenshot: true, udid: 81HBBMA22EDM, viewportRect: {height: 1854, left: 0, top: 66, width: 1080}, warnings: {}, webStorageEnabled: false}\nSession ID: 9e41bcae-e716-4c68-bab1-df385aa202ef\n*** Element info: {Using=xpath, value=//*[@id='com.shivgadhia.android.ukMortgageCalc:id/etAmount')]}","trace":"org.openqa.selenium.InvalidSelectorException: java.lang.IllegalArgumentException: Unable to compile '//*[@id='com.shivgadhia.android.ukMortgageCalc:id/etAmount')]'. See Cause.\nFor documentation on this error, please visit: https://www.seleniumhq.org/exceptions/invalid_selector_exception.html\nBuild info: version: '3.141.59', revision: 'e82be7d358', time: '2018-11-14T08:17:03'\nSystem info: host: 'DESKTOP-ANDM9M7', ip: '172.20.10.7', os.name: 'Windows 10', os.arch: 'amd64', os.version: '10.0', java.version: '1.8.0_231'\nDriver info: org.openqa.selenium.remote.RemoteWebDriver\nCapabilities {appActivity: .MainActivity, appPackage: com.shivgadhia.android.ukMo..., databaseEnabled: false, desired: {appActivity: .MainActivity, appPackage: com.shivgadhia.android.ukMo..., deviceName: Meizu device, platformName: android, platformVersion: 5.0.2, udid: 81HBBMA22EDM}, deviceApiLevel: 22, deviceManufacturer: Meizu, deviceModel: m2 note, deviceName: 81HBBMA22EDM, deviceScreenDensity: 480, deviceScreenSize: 1080x1920, deviceUDID: 81HBBMA22EDM, javascriptEnabled: true, locationContextEnabled: false, networkConnectionEnabled: true, pixelRatio: 3, platform: LINUX, platformName: LINUX, platformVersion: 5.1, statBarHeight: 66, takesScreenshot: true, udid: 81HBBMA22EDM, viewportRect: {height: 1854, left: 0, top: 66, width: 1080}, warnings: {}, webStorageEnabled: false}\nSession ID: 9e41bcae-e716-4c68-bab1-df385aa202ef\n*** Element info: {Using=xpath, value=//*[@id='com.shivgadhia.android.ukMortgageCalc:id/etAmount')]}\r\n\tat sun.reflect.NativeConstructorAccessorImpl.newInstance0(Native Method)\r\n\tat sun.reflect.NativeConstructorAccessorImpl.newInstance(NativeConstructorAccessorImpl.java:62)\r\n\tat sun.reflect.DelegatingConstructorAccessorImpl.newInstance(DelegatingConstructorAccessorImpl.java:45)\r\n\tat java.lang.reflect.Constructor.newInstance(Constructor.java:423)\r\n\tat org.openqa.selenium.remote.http.W3CHttpResponseCodec.createException(W3CHttpResponseCodec.java:187)\r\n\tat org.openqa.selenium.remote.http.W3CHttpResponseCodec.decode(W3CHttpResponseCodec.java:122)\r\n\tat org.openqa.selenium.remote.http.W3CHttpResponseCodec.decode(W3CHttpResponseCodec.java:49)\r\n\tat org.openqa.selenium.remote.HttpCommandExecutor.execute(HttpCommandExecutor.java:158)\r\n\tat org.openqa.selenium.remote.RemoteWebDriver.execute(RemoteWebDriver.java:552)\r\n\tat org.openqa.selenium.remote.RemoteWebDriver.findElement(RemoteWebDriver.java:323)\r\n\tat org.openqa.selenium.remote.RemoteWebDriver.findElementByXPath(RemoteWebDriver.java:428)\r\n\tat org.openqa.selenium.By$ByXPath.findElement(By.java:353)\r\n\tat org.openqa.selenium.remote.RemoteWebDriver.findElement(RemoteWebDriver.java:315)\r\n\tat org.openqa.selenium.support.pagefactory.DefaultElementLocator.findElement(DefaultElementLocator.java:69)\r\n\tat org.openqa.selenium.support.pagefactory.internal.LocatingElementHandler.invoke(LocatingElementHandler.java:38)\r\n\tat com.sun.proxy.$Proxy10.sendKeys(Unknown Source)\r\n\tat Extensions.UIActions.updateText(UIActions.java:25)\r\n\tat WorkFlows.MobileFlow.calculateMortgage(MobileFlow.java:11)\r\n\tat SanityTests.MortgageAppTests.mortgageCalculating(MortgageAppTests.java:16)\r\n\tat sun.reflect.NativeMethodAccessorImpl.invoke0(Native Method)\r\n\tat sun.reflect.NativeMethodAccessorImpl.invoke(NativeMethodAccessorImpl.java:62)\r\n\tat sun.reflect.DelegatingMethodAccessorImpl.invoke(DelegatingMethodAccessorImpl.java:43)\r\n\tat java.lang.reflect.Method.invoke(Method.java:498)\r\n\tat org.testng.internal.MethodInvocationHelper.invokeMethod(MethodInvocationHelper.java:133)\r\n\tat org.testng.internal.TestInvoker.invokeMethod(TestInvoker.java:584)\r\n\tat org.testng.internal.TestInvoker.invokeTestMethod(TestInvoker.java:172)\r\n\tat org.testng.internal.MethodRunner.runInSequence(MethodRunner.java:46)\r\n\tat org.testng.internal.TestInvoker$MethodInvocationAgent.invoke(TestInvoker.java:804)\r\n\tat org.testng.internal.TestInvoker.invokeTestMethods(TestInvoker.java:145)\r\n\tat org.testng.internal.TestMethodWorker.invokeTestMethods(TestMethodWorker.java:146)\r\n\tat org.testng.internal.TestMethodWorker.run(TestMethodWorker.java:128)\r\n\tat java.util.ArrayList.forEach(ArrayList.java:1257)\r\n\tat org.testng.TestRunner.privateRun(TestRunner.java:770)\r\n\tat org.testng.TestRunner.run(TestRunner.java:591)\r\n\tat org.testng.SuiteRunner.runTest(SuiteRunner.java:402)\r\n\tat org.testng.SuiteRunner.runSequentially(SuiteRunner.java:396)\r\n\tat org.testng.SuiteRunner.privateRun(SuiteRunner.java:355)\r\n\tat org.testng.SuiteRunner.run(SuiteRunner.java:304)\r\n\tat org.testng.SuiteRunnerWorker.runSuite(SuiteRunnerWorker.java:53)\r\n\tat org.testng.SuiteRunnerWorker.run(SuiteRunnerWorker.java:96)\r\n\tat org.testng.TestNG.runSuitesSequentially(TestNG.java:1180)\r\n\tat org.testng.TestNG.runSuitesLocally(TestNG.java:1102)\r\n\tat org.testng.TestNG.runSuites(TestNG.java:1032)\r\n\tat org.testng.TestNG.run(TestNG.java:1000)\r\n\tat com.intellij.rt.testng.IDEARemoteTestNG.run(IDEARemoteTestNG.java:66)\r\n\tat com.intellij.rt.testng.RemoteTestNGStarter.main(RemoteTestNGStarter.java:110)\r\n"},"stage":"finished","steps":[],"attachments":[],"parameters":[{"name":"element","value":"Proxy element for: DefaultElementLocator 'By.xpath: //*[@id='com.shivgadhia.android.ukMortgageCalc:id/etAmount')]'"},{"name":"text","value":"1000"}],"start":1581845400150,"stop":1581845400238}],"attachments":[],"parameters":[{"name":"amount","value":"1000"},{"name":"term","value":"3"},{"name":"rate","value":"4"}],"start":1581845399849,"stop":1581845400240}],"attachments":[{"name":"Page screen shot","source":"f2382ec4-a526-4da5-957d-568e2b0110a9-attachment","type":"image/png"}],"parameters":[],"start":1581845399660,"stop":1581845401115,"uuid":"827726af-aae3-4f01-b118-2ae5ef2b936a","historyId":"fa516c778ce8fe34c4d6a4aeb9072c01","fullName":"SanityTests.MortgageAppTests.mortgageCalculating","labels":[{"name":"package","value":"SanityTests.MortgageAppTests"},{"name":"testClass","value":"SanityTests.MortgageAppTests"},{"name":"testMethod","value":"mortgageCalculating"},{"name":"parentSuite","value":"Default Suite"},{"name":"suite","value":"Full_Java_Automation_2020"},{"name":"subSuite","value":"SanityTests.MortgageAppTests"},{"name":"host","value":"DESKTOP-ANDM9M7"},{"name":"thread","value":"12928@DESKTOP-ANDM9M7.main(1)"},{"name":"framework","value":"testng"},{"name":"language","value":"java"}],"links":[]}