{"name":"Verify Calculating mortgage","status":"failed","statusDetails":{"known":false,"muted":false,"flaky":false,"message":"expected [30.03] but found [£30.03]","trace":"java.lang.AssertionError: expected [30.03] but found [£30.03]\r\n\tat org.testng.Assert.fail(Assert.java:97)\r\n\tat org.testng.Assert.assertEqualsImpl(Assert.java:136)\r\n\tat org.testng.Assert.assertEquals(Assert.java:118)\r\n\tat org.testng.Assert.assertEquals(Assert.java:575)\r\n\tat org.testng.Assert.assertEquals(Assert.java:585)\r\n\tat Extensions.Verifications.assertTextInElement(Verifications.java:26)\r\n\tat SanityTests.MortgageAppTests.mortgageCalculating(MortgageAppTests.java:17)\r\n\tat sun.reflect.NativeMethodAccessorImpl.invoke0(Native Method)\r\n\tat sun.reflect.NativeMethodAccessorImpl.invoke(NativeMethodAccessorImpl.java:62)\r\n\tat sun.reflect.DelegatingMethodAccessorImpl.invoke(DelegatingMethodAccessorImpl.java:43)\r\n\tat java.lang.reflect.Method.invoke(Method.java:498)\r\n\tat org.testng.internal.MethodInvocationHelper.invokeMethod(MethodInvocationHelper.java:133)\r\n\tat org.testng.internal.TestInvoker.invokeMethod(TestInvoker.java:584)\r\n\tat org.testng.internal.TestInvoker.invokeTestMethod(TestInvoker.java:172)\r\n\tat org.testng.internal.MethodRunner.runInSequence(MethodRunner.java:46)\r\n\tat org.testng.internal.TestInvoker$MethodInvocationAgent.invoke(TestInvoker.java:804)\r\n\tat org.testng.internal.TestInvoker.invokeTestMethods(TestInvoker.java:145)\r\n\tat org.testng.internal.TestMethodWorker.invokeTestMethods(TestMethodWorker.java:146)\r\n\tat org.testng.internal.TestMethodWorker.run(TestMethodWorker.java:128)\r\n\tat java.util.ArrayList.forEach(ArrayList.java:1257)\r\n\tat org.testng.TestRunner.privateRun(TestRunner.java:770)\r\n\tat org.testng.TestRunner.run(TestRunner.java:591)\r\n\tat org.testng.SuiteRunner.runTest(SuiteRunner.java:402)\r\n\tat org.testng.SuiteRunner.runSequentially(SuiteRunner.java:396)\r\n\tat org.testng.SuiteRunner.privateRun(SuiteRunner.java:355)\r\n\tat org.testng.SuiteRunner.run(SuiteRunner.java:304)\r\n\tat org.testng.SuiteRunnerWorker.runSuite(SuiteRunnerWorker.java:53)\r\n\tat org.testng.SuiteRunnerWorker.run(SuiteRunnerWorker.java:96)\r\n\tat org.testng.TestNG.runSuitesSequentially(TestNG.java:1180)\r\n\tat org.testng.TestNG.runSuitesLocally(TestNG.java:1102)\r\n\tat org.testng.TestNG.runSuites(TestNG.java:1032)\r\n\tat org.testng.TestNG.run(TestNG.java:1000)\r\n\tat com.intellij.rt.testng.IDEARemoteTestNG.run(IDEARemoteTestNG.java:66)\r\n\tat com.intellij.rt.testng.RemoteTestNGStarter.main(RemoteTestNGStarter.java:110)\r\n"},"stage":"finished","description":"Test description : Adding values to required field at main activity","steps":[{"name":"Fill form and calculate mortgage","status":"passed","stage":"finished","steps":[{"name":"Send text to text field","status":"passed","stage":"finished","steps":[],"attachments":[],"parameters":[{"name":"element","value":"[[RemoteWebDriver:  on LINUX (dc0912bd-e1cc-436c-ac55-5c929e2a844e)] -> id: etAmount]"},{"name":"text","value":"1000"}],"start":1581850511426,"stop":1581850516540},{"name":"Send text to text field","status":"passed","stage":"finished","steps":[],"attachments":[],"parameters":[{"name":"element","value":"[[RemoteWebDriver:  on LINUX (dc0912bd-e1cc-436c-ac55-5c929e2a844e)] -> id: etTerm]"},{"name":"text","value":"3"}],"start":1581850517100,"stop":1581850522565},{"name":"Send text to text field","status":"passed","stage":"finished","steps":[],"attachments":[],"parameters":[{"name":"element","value":"[[RemoteWebDriver:  on LINUX (dc0912bd-e1cc-436c-ac55-5c929e2a844e)] -> id: etRate]"},{"name":"text","value":"4"}],"start":1581850523112,"stop":1581850528128},{"name":"Click on element","status":"passed","stage":"finished","steps":[],"attachments":[],"parameters":[{"name":"element","value":"[[RemoteWebDriver:  on LINUX (dc0912bd-e1cc-436c-ac55-5c929e2a844e)] -> id: btnCalculate]"}],"start":1581850528678,"stop":1581850528893}],"attachments":[],"parameters":[{"name":"amount","value":"1000"},{"name":"term","value":"3"},{"name":"rate","value":"4"}],"start":1581850511341,"stop":1581850528893},{"name":"Verify text in element","status":"failed","statusDetails":{"known":false,"muted":false,"flaky":false,"message":"expected [30.03] but found [£30.03]","trace":"java.lang.AssertionError: expected [30.03] but found [£30.03]\r\n\tat org.testng.Assert.fail(Assert.java:97)\r\n\tat org.testng.Assert.assertEqualsImpl(Assert.java:136)\r\n\tat org.testng.Assert.assertEquals(Assert.java:118)\r\n\tat org.testng.Assert.assertEquals(Assert.java:575)\r\n\tat org.testng.Assert.assertEquals(Assert.java:585)\r\n\tat Extensions.Verifications.assertTextInElement(Verifications.java:26)\r\n\tat SanityTests.MortgageAppTests.mortgageCalculating(MortgageAppTests.java:17)\r\n\tat sun.reflect.NativeMethodAccessorImpl.invoke0(Native Method)\r\n\tat sun.reflect.NativeMethodAccessorImpl.invoke(NativeMethodAccessorImpl.java:62)\r\n\tat sun.reflect.DelegatingMethodAccessorImpl.invoke(DelegatingMethodAccessorImpl.java:43)\r\n\tat java.lang.reflect.Method.invoke(Method.java:498)\r\n\tat org.testng.internal.MethodInvocationHelper.invokeMethod(MethodInvocationHelper.java:133)\r\n\tat org.testng.internal.TestInvoker.invokeMethod(TestInvoker.java:584)\r\n\tat org.testng.internal.TestInvoker.invokeTestMethod(TestInvoker.java:172)\r\n\tat org.testng.internal.MethodRunner.runInSequence(MethodRunner.java:46)\r\n\tat org.testng.internal.TestInvoker$MethodInvocationAgent.invoke(TestInvoker.java:804)\r\n\tat org.testng.internal.TestInvoker.invokeTestMethods(TestInvoker.java:145)\r\n\tat org.testng.internal.TestMethodWorker.invokeTestMethods(TestMethodWorker.java:146)\r\n\tat org.testng.internal.TestMethodWorker.run(TestMethodWorker.java:128)\r\n\tat java.util.ArrayList.forEach(ArrayList.java:1257)\r\n\tat org.testng.TestRunner.privateRun(TestRunner.java:770)\r\n\tat org.testng.TestRunner.run(TestRunner.java:591)\r\n\tat org.testng.SuiteRunner.runTest(SuiteRunner.java:402)\r\n\tat org.testng.SuiteRunner.runSequentially(SuiteRunner.java:396)\r\n\tat org.testng.SuiteRunner.privateRun(SuiteRunner.java:355)\r\n\tat org.testng.SuiteRunner.run(SuiteRunner.java:304)\r\n\tat org.testng.SuiteRunnerWorker.runSuite(SuiteRunnerWorker.java:53)\r\n\tat org.testng.SuiteRunnerWorker.run(SuiteRunnerWorker.java:96)\r\n\tat org.testng.TestNG.runSuitesSequentially(TestNG.java:1180)\r\n\tat org.testng.TestNG.runSuitesLocally(TestNG.java:1102)\r\n\tat org.testng.TestNG.runSuites(TestNG.java:1032)\r\n\tat org.testng.TestNG.run(TestNG.java:1000)\r\n\tat com.intellij.rt.testng.IDEARemoteTestNG.run(IDEARemoteTestNG.java:66)\r\n\tat com.intellij.rt.testng.RemoteTestNGStarter.main(RemoteTestNGStarter.java:110)\r\n"},"stage":"finished","steps":[],"attachments":[],"parameters":[{"name":"element","value":"[[RemoteWebDriver:  on LINUX (dc0912bd-e1cc-436c-ac55-5c929e2a844e)] -> id: tvRepayment]"},{"name":"expValue","value":"30.03"}],"start":1581850529426,"stop":1581850529534}],"attachments":[{"name":"Page screen shot","source":"39614f2e-8170-449c-b0f3-ee256ac76705-attachment","type":"image/png"}],"parameters":[],"start":1581850511243,"stop":1581850531450,"uuid":"b463ab57-053d-4d0a-b580-d74f69756b65","historyId":"fa516c778ce8fe34c4d6a4aeb9072c01","fullName":"SanityTests.MortgageAppTests.mortgageCalculating","labels":[{"name":"package","value":"SanityTests.MortgageAppTests"},{"name":"testClass","value":"SanityTests.MortgageAppTests"},{"name":"testMethod","value":"mortgageCalculating"},{"name":"parentSuite","value":"Default Suite"},{"name":"suite","value":"Full_Java_Automation_2020"},{"name":"subSuite","value":"SanityTests.MortgageAppTests"},{"name":"host","value":"DESKTOP-ANDM9M7"},{"name":"thread","value":"10536@DESKTOP-ANDM9M7.main(1)"},{"name":"framework","value":"testng"},{"name":"language","value":"java"}],"links":[]}